<?xml version="1.0" encoding="UTF-8"?>
<testng-results ignored="2" total="3" passed="1" failed="0" skipped="0">
  <reporter-output>
  </reporter-output>
  <suite started-at="2023-11-22T21:55:44 IST" name="Suite" finished-at="2023-11-22T21:55:56 IST" duration-ms="11482">
    <groups>
    </groups>
    <test started-at="2023-11-22T21:55:44 IST" name="Test" finished-at="2023-11-22T21:55:56 IST" duration-ms="11482">
      <class name="Testng.InterviewPreparation">
        <test-method signature="Thirdone()[pri:0, instance:Testng.InterviewPreparation@7e07db1f]" started-at="2023-11-22T21:55:44 IST" name="Thirdone" finished-at="2023-11-22T21:55:56 IST" duration-ms="11453" status="PASS">
          <reporter-output>
          </reporter-output>
        </test-method> <!-- Thirdone -->
      </class> <!-- Testng.InterviewPreparation -->
    </test> <!-- Test -->
  </suite> <!-- Suite -->
</testng-results>
