<?xml version="1.0" encoding="UTF-8"?>
<testng-results ignored="0" total="1" passed="1" failed="0" skipped="0">
  <reporter-output>
  </reporter-output>
  <suite started-at="2023-11-18T15:24:48 IST" name="Default suite" finished-at="2023-11-18T15:24:51 IST" duration-ms="3122">
    <groups>
    </groups>
    <test started-at="2023-11-18T15:24:48 IST" name="Default test" finished-at="2023-11-18T15:24:51 IST" duration-ms="3122">
      <class name="Testng.practiceclass">
        <test-method signature="getstart()[pri:0, instance:Testng.practiceclass@38c6f217]" started-at="2023-11-18T15:24:48 IST" name="getstart" finished-at="2023-11-18T15:24:51 IST" duration-ms="3090" status="PASS">
          <reporter-output>
          </reporter-output>
        </test-method> <!-- getstart -->
      </class> <!-- Testng.practiceclass -->
    </test> <!-- Default test -->
  </suite> <!-- Default suite -->
</testng-results>
