<?xml version="1.0" encoding="UTF-8"?>
<!-- Generated by org.testng.reporters.JUnitXMLReporter -->
<testsuite ignored="2" hostname="LAPTOP-H8GD1N65" failures="0" tests="1" name="Test" time="11.427" errors="0" timestamp="2023-10-28T13:05:31 IST">
  <testcase classname="Testng.InterviewPreparation" name="Thirdone" time="11.384"/>
  <testcase classname="Testng.InterviewPreparation" name="Secondone" time="0.0">
    <ignored/>
  </testcase> <!-- Secondone -->
  <testcase classname="Testng.InterviewPreparation" name="firstone" time="0.0">
    <ignored/>
  </testcase> <!-- firstone -->
</testsuite> <!-- Test -->
